<?xml version="1.0" encoding="UTF-8"?>
<!-- Generated by org.testng.reporters.JUnitXMLReporter -->
<testsuite hostname="DESKTOP-LA17J7K" ignored="0" name="HomePageTest" tests="2" failures="0" timestamp="2020-02-13T07:04:14 EST" time="0.017" errors="0">
  <testcase name="basePageNavigation" time="0.0" classname="Academy.HomePageTest">
    <skipped/>
  </testcase> <!-- basePageNavigation -->
  <testcase name="basePageNavigation" time="0.0" classname="Academy.HomePageTest">
    <skipped/>
  </testcase> <!-- basePageNavigation -->
</testsuite> <!-- HomePageTest -->
