<?xml version="1.0" encoding="UTF-8"?>
<!-- Generated by org.testng.reporters.JUnitXMLReporter -->
<testsuite hostname="DESKTOP-LA17J7K" ignored="0" name="Test" tests="4" failures="0" timestamp="2020-02-12T09:36:52 EST" time="53.59" errors="0">
  <testcase name="basePageNavigation" time="0.811" classname="Academy.ValidatingNavBar"/>
  <testcase name="basePageNavigation" time="17.009" classname="Academy.HomePage"/>
  <testcase name="basePageNavigation" time="8.922" classname="Academy.HomePage"/>
  <testcase name="basePageNavigation" time="0.134" classname="Academy.ValidatingTitle"/>
</testsuite> <!-- Test -->
