<?xml version="1.0" encoding="UTF-8"?>
<!-- Generated by org.testng.reporters.JUnitXMLReporter -->
<testsuite hostname="DESKTOP-LA17J7K" ignored="0" name="Validating Title Test" tests="5" failures="0" timestamp="2020-02-15T08:32:57 EST" time="0.124" errors="0">
  <testcase name="@BeforeTest initialize" time="0.026" classname="Academy.ValidatingTitleTest">
    <failure type="java.lang.NullPointerException">
      <![CDATA[java.lang.NullPointerException
at Academy.Base.initialization(Base.java:35)
at Academy.ValidatingTitleTest.initialize(ValidatingTitleTest.java:22)
at java.util.concurrent.FutureTask.run(Unknown Source)
at java.util.concurrent.ThreadPoolExecutor.runWorker(Unknown Source)
at java.util.concurrent.ThreadPoolExecutor$Worker.run(Unknown Source)
at java.lang.Thread.run(Unknown Source)
... Removed 15 stack frames]]>
    </failure>
  </testcase> <!-- @BeforeTest initialize -->
  <testcase name="@AfterTest tearDown" time="-1.581773577716E9" classname="Academy.ValidatingTitleTest">
    <skipped/>
  </testcase> <!-- @AfterTest tearDown -->
  <testcase name="basePageTitle" time="0.0" classname="Academy.ValidatingTitleTest">
    <skipped/>
  </testcase> <!-- basePageTitle -->
  <testcase name="basePageNavigation" time="0.0" classname="Academy.HomePageTest">
    <skipped/>
  </testcase> <!-- basePageNavigation -->
  <testcase name="validateCourseTitle" time="0.0" classname="Academy.ValidatingTitleTest">
    <skipped/>
  </testcase> <!-- validateCourseTitle -->
  <testcase name="basePageNavigation" time="0.0" classname="Academy.HomePageTest">
    <skipped/>
  </testcase> <!-- basePageNavigation -->
  <testcase name="basePageNavigation" time="0.0" classname="Academy.ValidatingNavBarTest">
    <skipped/>
  </testcase> <!-- basePageNavigation -->
</testsuite> <!-- Validating Title Test -->
