<?xml version="1.0" encoding="UTF-8"?>
<!-- Generated by org.testng.reporters.JUnitXMLReporter -->
<testsuite hostname="DESKTOP-LA17J7K" ignored="0" name="ValidatingTitleTest" tests="1" failures="0" timestamp="2020-02-13T07:04:14 EST" time="0.005" errors="0">
  <testcase name="@BeforeTest initialize" time="0.001" classname="Academy.ValidatingTitleTest">
    <failure type="java.io.FileNotFoundException" message="src\test\resources (Access is denied)">
      <![CDATA[java.io.FileNotFoundException: src\test\resources (Access is denied)
at java.io.FileInputStream.open0(Native Method)
at java.io.FileInputStream.open(Unknown Source)
at java.io.FileInputStream.<init>(Unknown Source)
at java.io.FileInputStream.<init>(Unknown Source)
at Academy.Base.initialization(Base.java:22)
at Academy.ValidatingTitleTest.initialize(ValidatingTitleTest.java:21)
... Removed 24 stack frames]]>
    </failure>
  </testcase> <!-- @BeforeTest initialize -->
  <testcase name="@AfterTest tearDown" time="-1.58159545446E9" classname="Academy.ValidatingTitleTest">
    <skipped/>
  </testcase> <!-- @AfterTest tearDown -->
  <testcase name="basePageNavigation" time="0.0" classname="Academy.ValidatingTitleTest">
    <skipped/>
  </testcase> <!-- basePageNavigation -->
</testsuite> <!-- ValidatingTitleTest -->
