<?xml version="1.0" encoding="UTF-8"?>
<testng-results skipped="0" failed="0" ignored="0" total="1" passed="1">
  <reporter-output>
  </reporter-output>
  <suite name="Suite" duration-ms="45568" started-at="2020-02-20T05:45:48 EST" finished-at="2020-02-20T05:46:33 EST">
    <groups>
      <group name="cucumber">
        <method signature="AbstractTestNGCucumberTests.feature(cucumber.api.testng.CucumberFeatureWrapper)[pri:0, instance:testRunner.TestRunnerTest@11438d26]" name="feature" class="cucumber.api.testng.AbstractTestNGCucumberTests"/>
      </group> <!-- cucumber -->
    </groups>
    <test name="ValidatingUserLoginTest " duration-ms="45568" started-at="2020-02-20T05:45:48 EST" finished-at="2020-02-20T05:46:33 EST">
      <class name="testRunner.TestRunnerTest">
        <test-method status="PASS" signature="setUpClass()[pri:0, instance:testRunner.TestRunnerTest@11438d26]" name="setUpClass" is-config="true" duration-ms="310" started-at="2020-02-20T05:45:48 EST" finished-at="2020-02-20T05:45:48 EST">
          <reporter-output>
          </reporter-output>
        </test-method> <!-- setUpClass -->
        <test-method status="PASS" signature="feature(cucumber.api.testng.CucumberFeatureWrapper)[pri:0, instance:testRunner.TestRunnerTest@11438d26]" name="feature" duration-ms="45118" started-at="2020-02-20T05:45:48 EST" description="Runs Cucumber Feature" data-provider="features" finished-at="2020-02-20T05:46:33 EST">
          <params>
            <param index="0">
              <value>
                <![CDATA[Login into Application]]>
              </value>
            </param>
          </params>
          <reporter-output>
          </reporter-output>
        </test-method> <!-- feature -->
        <test-method status="PASS" signature="tearDownClass()[pri:0, instance:testRunner.TestRunnerTest@11438d26]" name="tearDownClass" is-config="true" duration-ms="5" started-at="2020-02-20T05:46:33 EST" finished-at="2020-02-20T05:46:33 EST">
          <reporter-output>
          </reporter-output>
        </test-method> <!-- tearDownClass -->
      </class> <!-- testRunner.TestRunnerTest -->
    </test> <!-- ValidatingUserLoginTest  -->
  </suite> <!-- Suite -->
</testng-results>
